<?xml version="1.0" encoding="UTF-8"?>
<!-- Generated by org.testng.reporters.JUnitReportReporter -->
<testsuite hostname="DESKTOP-7TEGOSG" failures="0" tests="1" name="com.wl.testcase2.TS7_ATM_Difficulty_6" time="71.626" errors="0" timestamp="2023-03-29T13:37:08 IST" skipped="0">
  <testcase classname="com.wl.testcase2.TS7_ATM_Difficulty_6" name="verifyATMFunctionality" time="71.626"/>
  <system-out/>
</testsuite> <!-- com.wl.testcase2.TS7_ATM_Difficulty_6 -->
