<?xml version="1.0" encoding="UTF-8"?>
<!-- Generated by org.testng.reporters.JUnitReportReporter -->
<testsuite hostname="DESKTOP-7TEGOSG" failures="0" tests="1" name="com.wl.testcase2.ReportAccess_TC1" time="55.293" errors="0" timestamp="2023-03-07T20:27:52 IST" skipped="0">
  <testcase classname="com.wl.testcase2.ReportAccess_TC1" name="verifyReportAccessUtility" time="55.293"/>
  <system-out/>
</testsuite> <!-- com.wl.testcase2.ReportAccess_TC1 -->
