<?xml version="1.0" encoding="UTF-8"?>
<!-- Generated by org.testng.reporters.JUnitReportReporter -->
<testsuite hostname="DESKTOP-7TEGOSG" failures="0" tests="1" name="com.wl.tips.testcase.TS4_Tips_TC7" time="138.331" errors="0" timestamp="2023-04-10T17:59:42 IST" skipped="0">
  <testcase classname="com.wl.tips.testcase.TS4_Tips_TC7" name="verifyTipsFunction" time="138.331"/>
  <system-out/>
</testsuite> <!-- com.wl.tips.testcase.TS4_Tips_TC7 -->
