<?xml version="1.0" encoding="UTF-8"?>
<!-- Generated by org.testng.reporters.JUnitReportReporter -->
<testsuite hostname="DESKTOP-7TEGOSG" failures="0" tests="1" name="com.wl.userList.BulkUserCreation_TC1" time="85.913" errors="0" timestamp="2023-03-27T16:00:03 IST" skipped="0">
  <testcase classname="com.wl.userList.BulkUserCreation_TC1" name="verifyFileUpload" time="85.913"/>
  <system-out/>
</testsuite> <!-- com.wl.userList.BulkUserCreation_TC1 -->
