<?xml version="1.0" encoding="UTF-8"?>
<!-- Generated by org.testng.reporters.JUnitReportReporter -->
<testsuite hostname="DESKTOP-7TEGOSG" failures="0" tests="1" name="com.wl.testcase2.UserListHomePage_TC2" time="40.283" errors="0" timestamp="2023-03-06T20:28:17 IST" skipped="0">
  <testcase classname="com.wl.testcase2.UserListHomePage_TC2" name="searchDataByDateFilter" time="40.283"/>
  <system-out/>
</testsuite> <!-- com.wl.testcase2.UserListHomePage_TC2 -->
