<?xml version="1.0" encoding="UTF-8"?>
<!-- Generated by org.testng.reporters.JUnitReportReporter -->
<testsuite hostname="DESKTOP-7TEGOSG" failures="0" tests="1" name="com.wl.testcase2.ReportAccess_TC4" time="65.717" errors="0" timestamp="2023-03-08T23:46:19 IST" skipped="0">
  <testcase classname="com.wl.testcase2.ReportAccess_TC4" name="verifyResetBtnFunction" time="65.717"/>
  <system-out/>
</testsuite> <!-- com.wl.testcase2.ReportAccess_TC4 -->
