<?xml version="1.0" encoding="UTF-8"?>
<!-- Generated by org.testng.reporters.JUnitReportReporter -->
<testsuite hostname="DESKTOP-7TEGOSG" failures="0" tests="1" name="com.wl.tipsQplistPage.TC_TipsQpList_1" time="35.350" errors="0" timestamp="2023-04-27T14:06:40 IST" skipped="0">
  <testcase classname="com.wl.tipsQplistPage.TC_TipsQpList_1" name="verifyTipsQplistFunctionality" time="35.350"/>
  <system-out/>
</testsuite> <!-- com.wl.tipsQplistPage.TC_TipsQpList_1 -->
