<?xml version="1.0" encoding="UTF-8"?>
<!-- Generated by org.testng.reporters.JUnitReportReporter -->
<testsuite hostname="DESKTOP-7TEGOSG" failures="0" tests="1" name="com.wl.testcase2.TS6_ATM_Syllabus1" time="69.808" errors="0" timestamp="2023-03-27T19:19:42 IST" skipped="0">
  <testcase classname="com.wl.testcase2.TS6_ATM_Syllabus1" name="verifyATMFunctionality" time="69.808"/>
  <system-out/>
</testsuite> <!-- com.wl.testcase2.TS6_ATM_Syllabus1 -->
