<?xml version="1.0" encoding="UTF-8"?>
<!-- Generated by org.testng.reporters.JUnitReportReporter -->
<testsuite hostname="DESKTOP-7TEGOSG" failures="0" tests="1" name="com.wl.tips.testcase.TS4_Tips_TC2" time="92.097" errors="0" timestamp="2023-04-10T16:54:34 IST" skipped="0">
  <testcase classname="com.wl.tips.testcase.TS4_Tips_TC2" name="verifyTipsFunction" time="92.097"/>
  <system-out/>
</testsuite> <!-- com.wl.tips.testcase.TS4_Tips_TC2 -->
