<?xml version="1.0" encoding="UTF-8"?>
<!-- Generated by org.testng.reporters.JUnitReportReporter -->
<testsuite hostname="DESKTOP-7TEGOSG" failures="0" tests="1" name="com.wl.testcase2.TS6_ATM_Syllabus2" time="72.963" errors="0" timestamp="2023-03-28T19:36:06 IST" skipped="0">
  <testcase classname="com.wl.testcase2.TS6_ATM_Syllabus2" name="verifyATMFunctionality" time="72.963"/>
  <system-out/>
</testsuite> <!-- com.wl.testcase2.TS6_ATM_Syllabus2 -->
