<?xml version="1.0" encoding="UTF-8"?>
<!-- Generated by org.testng.reporters.JUnitReportReporter -->
<testsuite hostname="DESKTOP-7TEGOSG" failures="0" tests="1" name="com.wl.testcase2.TS7_Tips_TC1" time="175.380" errors="0" timestamp="2023-04-11T19:57:30 IST" skipped="0">
  <testcase classname="com.wl.testcase2.TS7_Tips_TC1" name="verifyTipsFunction" time="175.380"/>
  <system-out/>
</testsuite> <!-- com.wl.testcase2.TS7_Tips_TC1 -->
