<?xml version="1.0" encoding="UTF-8"?>
<!-- Generated by org.testng.reporters.JUnitReportReporter -->
<testsuite hostname="DESKTOP-7TEGOSG" failures="0" tests="1" name="com.wl.ScheduleTestFlow.ScheduleTest_TC4" time="91.024" errors="0" timestamp="2023-05-31T18:47:00 IST" skipped="0">
  <testcase classname="com.wl.ScheduleTestFlow.ScheduleTest_TC4" name="verifySchedulePaperFunctionality" time="91.024"/>
  <system-out/>
</testsuite> <!-- com.wl.ScheduleTestFlow.ScheduleTest_TC4 -->
