<?xml version="1.0" encoding="UTF-8"?>
<!-- Generated by org.testng.reporters.JUnitReportReporter -->
<testsuite hostname="DESKTOP-7TEGOSG" failures="0" tests="1" name="com.wl.testcase2.ReportAccess_TC15" time="115.407" errors="0" timestamp="2023-03-15T13:45:50 IST" skipped="0">
  <testcase classname="com.wl.testcase2.ReportAccess_TC15" name="verifyviewReportAccessBtn" time="115.407"/>
  <system-out/>
</testsuite> <!-- com.wl.testcase2.ReportAccess_TC15 -->
