<?xml version="1.0" encoding="UTF-8"?>
<!-- Generated by org.testng.reporters.JUnitReportReporter -->
<testsuite hostname="DESKTOP-7TEGOSG" failures="0" tests="1" name="com.wl.testcase2.TS7_ATM_Difficulty_1" time="73.206" errors="0" timestamp="2023-03-29T13:07:02 IST" skipped="0">
  <testcase classname="com.wl.testcase2.TS7_ATM_Difficulty_1" name="verifyATMFunctionality" time="73.206"/>
  <system-out/>
</testsuite> <!-- com.wl.testcase2.TS7_ATM_Difficulty_1 -->
