<?xml version="1.0" encoding="UTF-8"?>
<!-- Generated by org.testng.reporters.JUnitReportReporter -->
<testsuite hostname="DESKTOP-7TEGOSG" failures="0" tests="1" name="com.wl.testcase2.UserListHomePage_TC4" time="49.870" errors="0" timestamp="2023-03-07T13:58:37 IST" skipped="0">
  <testcase classname="com.wl.testcase2.UserListHomePage_TC4" name="verifyDeleteUser" time="49.870"/>
  <system-out/>
</testsuite> <!-- com.wl.testcase2.UserListHomePage_TC4 -->
