<?xml version="1.0" encoding="UTF-8"?>
<!-- Generated by org.testng.reporters.JUnitReportReporter -->
<testsuite hostname="DESKTOP-7TEGOSG" failures="0" tests="1" name="com.wl.testcase2.BulkUserCreationTest" time="93.750" errors="0" timestamp="2023-03-02T11:57:36 IST" skipped="0">
  <testcase classname="com.wl.testcase2.BulkUserCreationTest" name="verifyBulkUserCreation" time="93.750"/>
  <system-out/>
</testsuite> <!-- com.wl.testcase2.BulkUserCreationTest -->
