<?xml version="1.0" encoding="UTF-8"?>
<!-- Generated by org.testng.reporters.JUnitReportReporter -->
<testsuite hostname="DESKTOP-7TEGOSG" failures="0" tests="1" name="com.wl.testcase2.BulkUserCreation_TC6" time="73.754" errors="0" timestamp="2023-03-02T12:39:24 IST" skipped="0">
  <testcase classname="com.wl.testcase2.BulkUserCreation_TC6" name="verifyAlreadyExistUserMsg" time="73.754"/>
  <system-out/>
</testsuite> <!-- com.wl.testcase2.BulkUserCreation_TC6 -->
