<?xml version="1.0" encoding="UTF-8"?>
<!-- Generated by org.testng.reporters.JUnitReportReporter -->
<testsuite hostname="DESKTOP-7TEGOSG" failures="0" tests="1" name="com.wl.userList.BulkChangePassword_TC6" time="83.774" errors="0" timestamp="2023-06-26T19:47:26 IST" skipped="0">
  <testcase classname="com.wl.userList.BulkChangePassword_TC6" name="verifyNotUserIdValidation" time="83.774"/>
  <system-out/>
</testsuite> <!-- com.wl.userList.BulkChangePassword_TC6 -->
