<?xml version="1.0" encoding="UTF-8"?>
<!-- Generated by org.testng.reporters.JUnitReportReporter -->
<testsuite hostname="DESKTOP-7TEGOSG" failures="0" tests="1" name="com.wl.testcase2.TS6_Tips_TC1" time="157.247" errors="0" timestamp="2023-04-11T18:49:12 IST" skipped="0">
  <testcase classname="com.wl.testcase2.TS6_Tips_TC1" name="verifyTipsFunction" time="157.247"/>
  <system-out/>
</testsuite> <!-- com.wl.testcase2.TS6_Tips_TC1 -->
