<?xml version="1.0" encoding="UTF-8"?>
<!-- Generated by org.testng.reporters.JUnitReportReporter -->
<testsuite hostname="DESKTOP-7TEGOSG" failures="0" tests="1" name="com.wl.testcase2.UserListHomePage_TC5" time="77.473" errors="0" timestamp="2023-03-07T20:06:17 IST" skipped="0">
  <testcase classname="com.wl.testcase2.UserListHomePage_TC5" name="verifyEditUser" time="77.473"/>
  <system-out/>
</testsuite> <!-- com.wl.testcase2.UserListHomePage_TC5 -->
