<?xml version="1.0" encoding="UTF-8"?>
<!-- Generated by org.testng.reporters.JUnitReportReporter -->
<testsuite hostname="DESKTOP-7TEGOSG" failures="0" tests="1" name="com.wl.testcase2.BulkChangePassword_TC8" time="66.154" errors="0" timestamp="2023-03-03T17:14:59 IST" skipped="0">
  <testcase classname="com.wl.testcase2.BulkChangePassword_TC8" name="verifyBulkPasswordChange" time="66.154"/>
  <system-out/>
</testsuite> <!-- com.wl.testcase2.BulkChangePassword_TC8 -->
