<?xml version="1.0" encoding="UTF-8"?>
<!-- Generated by org.testng.reporters.JUnitReportReporter -->
<testsuite hostname="DESKTOP-7TEGOSG" failures="0" tests="3" name="com.wl.ScheduleTestFlow.ScheduleTest_TC1" time="220.477" errors="0" timestamp="2023-06-06T12:54:57 IST" skipped="0">
  <testcase classname="com.wl.ScheduleTestFlow.ScheduleTest_TC1" name="verifyTipsFunction" time="101.610"/>
  <system-out/>
  <testcase classname="com.wl.ScheduleTestFlow.ScheduleTest_TC1" name="verifySchedulePaperFunctionality" time="48.257"/>
  <system-out/>
  <testcase classname="com.wl.ScheduleTestFlow.ScheduleTest_TC1" name="takeTestMethod" time="70.610"/>
  <system-out/>
</testsuite> <!-- com.wl.ScheduleTestFlow.ScheduleTest_TC1 -->
