<?xml version="1.0" encoding="UTF-8"?>
<!-- Generated by org.testng.reporters.JUnitReportReporter -->
<testsuite hostname="DESKTOP-7TEGOSG" failures="0" tests="1" name="com.wl.testcases.RegisterResetBtnTest" time="8.555" errors="0" timestamp="2023-05-04T15:40:35 IST" skipped="0">
  <testcase classname="com.wl.testcases.RegisterResetBtnTest" name="verifyRegisterResetButton" time="8.555"/>
  <system-out/>
</testsuite> <!-- com.wl.testcases.RegisterResetBtnTest -->
