<?xml version="1.0" encoding="UTF-8"?>
<!-- Generated by org.testng.reporters.JUnitReportReporter -->
<testsuite hostname="DESKTOP-7TEGOSG" failures="0" tests="1" name="com.wl.userList.BulkChangePassword_TC8" time="67.754" errors="0" timestamp="2023-03-30T16:42:34 IST" skipped="0">
  <testcase classname="com.wl.userList.BulkChangePassword_TC8" name="verifyBulkPasswordChange" time="67.754"/>
  <system-out/>
</testsuite> <!-- com.wl.userList.BulkChangePassword_TC8 -->
