<?xml version="1.0" encoding="UTF-8"?>
<!-- Generated by org.testng.reporters.JUnitReportReporter -->
<testsuite hostname="DESKTOP-7TEGOSG" failures="0" tests="1" name="com.wl.userList.ChangePassword_TC1" time="32.059" errors="0" timestamp="2023-06-26T17:03:43 IST" skipped="0">
  <testcase classname="com.wl.userList.ChangePassword_TC1" name="verifyNewPassword" time="32.059"/>
  <system-out/>
</testsuite> <!-- com.wl.userList.ChangePassword_TC1 -->
