<?xml version="1.0" encoding="UTF-8"?>
<!-- Generated by org.testng.reporters.JUnitReportReporter -->
<testsuite hostname="DESKTOP-7TEGOSG" failures="0" tests="1" name="com.wl.testcase2.TS5_Tips_TC5" time="101.459" errors="0" timestamp="2023-04-11T11:14:22 IST" skipped="0">
  <testcase classname="com.wl.testcase2.TS5_Tips_TC5" name="verifyTipsFunction" time="101.459"/>
  <system-out/>
</testsuite> <!-- com.wl.testcase2.TS5_Tips_TC5 -->
