<?xml version="1.0" encoding="UTF-8"?>
<!-- Generated by org.testng.reporters.JUnitReportReporter -->
<testsuite hostname="DESKTOP-7TEGOSG" failures="0" tests="1" name="com.wl.testcase2.TS5_ATM_Description_3" time="77.526" errors="0" timestamp="2023-03-27T17:51:55 IST" skipped="0">
  <testcase classname="com.wl.testcase2.TS5_ATM_Description_3" name="verifyATMFunctionality" time="77.526"/>
  <system-out/>
</testsuite> <!-- com.wl.testcase2.TS5_ATM_Description_3 -->
