<?xml version="1.0" encoding="UTF-8"?>
<!-- Generated by org.testng.reporters.JUnitReportReporter -->
<testsuite hostname="DESKTOP-7TEGOSG" failures="0" tests="1" name="com.wl.pageobjects.AddNewUserPage" time="0.021" errors="0" timestamp="2023-02-16T17:23:51 IST" skipped="0">
  <testcase classname="com.wl.pageobjects.AddNewUserPage" name="verifyAddNewUserFunctionality" time="0.021"/>
  <system-out/>
</testsuite> <!-- com.wl.pageobjects.AddNewUserPage -->
