<?xml version="1.0" encoding="UTF-8"?>
<!-- Generated by org.testng.reporters.JUnitReportReporter -->
<testsuite hostname="DESKTOP-7TEGOSG" failures="0" tests="1" name="com.wl.testcase2.ReportAccess_TC8" time="59.665" errors="0" timestamp="2023-03-10T20:30:11 IST" skipped="0">
  <testcase classname="com.wl.testcase2.ReportAccess_TC8" name="verifyDownloadFileFunction" time="59.665"/>
  <system-out/>
</testsuite> <!-- com.wl.testcase2.ReportAccess_TC8 -->
