<?xml version="1.0" encoding="UTF-8"?>
<!-- Generated by org.testng.reporters.JUnitReportReporter -->
<testsuite hostname="DESKTOP-7TEGOSG" failures="0" tests="1" name="com.wl.tips.testcase.TS1_Tips_TC1" time="145.613" errors="0" timestamp="2023-05-04T16:15:42 IST" skipped="0">
  <testcase classname="com.wl.tips.testcase.TS1_Tips_TC1" name="verifyTipsFunction" time="145.613"/>
  <system-out/>
</testsuite> <!-- com.wl.tips.testcase.TS1_Tips_TC1 -->
