<?xml version="1.0" encoding="UTF-8"?>
<!-- Generated by org.testng.reporters.JUnitReportReporter -->
<testsuite hostname="DESKTOP-7TEGOSG" failures="0" tests="1" name="com.wl.testcase2.TS4_Tips_TC1" time="104.861" errors="0" timestamp="2023-04-04T19:41:29 IST" skipped="0">
  <testcase classname="com.wl.testcase2.TS4_Tips_TC1" name="verifyTipsFunction" time="104.861"/>
  <system-out/>
</testsuite> <!-- com.wl.testcase2.TS4_Tips_TC1 -->
