<?xml version="1.0" encoding="UTF-8"?>
<!-- Generated by org.testng.reporters.JUnitReportReporter -->
<testsuite hostname="DESKTOP-7TEGOSG" failures="0" tests="1" name="com.wl.testcase2.TS2_ATM_JeeM_TC1" time="81.397" errors="0" timestamp="2023-03-21T17:20:32 IST" skipped="0">
  <testcase classname="com.wl.testcase2.TS2_ATM_JeeM_TC1" name="verifyATMFunctionality" time="81.397"/>
  <system-out/>
</testsuite> <!-- com.wl.testcase2.TS2_ATM_JeeM_TC1 -->
