<?xml version="1.0" encoding="UTF-8"?>
<!-- Generated by org.testng.reporters.JUnitReportReporter -->
<testsuite hostname="DESKTOP-7TEGOSG" failures="0" tests="1" name="com.wl.testcase2.ReportAccess_TC9" time="76.008" errors="0" timestamp="2023-03-10T20:44:42 IST" skipped="0">
  <testcase classname="com.wl.testcase2.ReportAccess_TC9" name="verifyRefreshButtonFunction" time="76.008"/>
  <system-out/>
</testsuite> <!-- com.wl.testcase2.ReportAccess_TC9 -->
