<?xml version="1.0" encoding="UTF-8"?>
<!-- Generated by org.testng.reporters.JUnitReportReporter -->
<testsuite hostname="DESKTOP-7TEGOSG" failures="0" tests="1" name="com.wl.ScheduleTestFlow.ScheduleTest_TC9" time="45.819" errors="0" timestamp="2023-06-06T16:35:29 IST" skipped="0">
  <testcase classname="com.wl.ScheduleTestFlow.ScheduleTest_TC9" name="verifySchedulePaperFunctionality" time="45.819"/>
  <system-out/>
</testsuite> <!-- com.wl.ScheduleTestFlow.ScheduleTest_TC9 -->
