<?xml version="1.0" encoding="UTF-8"?>
<!-- Generated by org.testng.reporters.JUnitReportReporter -->
<testsuite hostname="DESKTOP-7TEGOSG" failures="0" tests="1" name="com.wl.testcase2.TS3_Tips_TC3" time="117.038" errors="0" timestamp="2023-04-04T19:33:31 IST" skipped="0">
  <testcase classname="com.wl.testcase2.TS3_Tips_TC3" name="verifyTipsFunction" time="117.038"/>
  <system-out/>
</testsuite> <!-- com.wl.testcase2.TS3_Tips_TC3 -->
