<?xml version="1.0" encoding="UTF-8"?>
<!-- Generated by org.testng.reporters.JUnitReportReporter -->
<testsuite hostname="DESKTOP-7TEGOSG" failures="0" tests="1" name="com.wl.userList.BulkChangePassword_TC2" time="18.004" errors="0" timestamp="2023-06-26T17:17:20 IST" skipped="0">
  <testcase classname="com.wl.userList.BulkChangePassword_TC2" name="verifyRecaptchaFunction" time="18.004"/>
  <system-out/>
</testsuite> <!-- com.wl.userList.BulkChangePassword_TC2 -->
