<?xml version="1.0" encoding="UTF-8"?>
<!-- Generated by org.testng.reporters.JUnitReportReporter -->
<testsuite hostname="DESKTOP-7TEGOSG" failures="0" tests="1" name="com.wl.testcase2.AddNewUser" time="65.893" errors="0" timestamp="2023-02-17T11:10:59 IST" skipped="0">
  <testcase classname="com.wl.testcase2.AddNewUser" name="AddNewUserMethod" time="65.893"/>
  <system-out/>
</testsuite> <!-- com.wl.testcase2.AddNewUser -->
