<?xml version="1.0" encoding="UTF-8"?>
<!-- Generated by org.testng.reporters.JUnitReportReporter -->
<testsuite hostname="DESKTOP-7TEGOSG" failures="0" tests="1" name="com.wl.testcase2.BulkChangePassword_TC3" time="50.884" errors="0" timestamp="2023-03-03T13:43:26 IST" skipped="0">
  <testcase classname="com.wl.testcase2.BulkChangePassword_TC3" name="verifyDownloadFileTemplate" time="50.884"/>
  <system-out/>
</testsuite> <!-- com.wl.testcase2.BulkChangePassword_TC3 -->
