<?xml version="1.0" encoding="UTF-8"?>
<!-- Generated by org.testng.reporters.JUnitReportReporter -->
<testsuite hostname="DESKTOP-7TEGOSG" failures="0" tests="1" name="com.wl.testcase2.TS2_ATM_JeeM_TC2" time="92.502" errors="0" timestamp="2023-03-21T17:43:42 IST" skipped="0">
  <testcase classname="com.wl.testcase2.TS2_ATM_JeeM_TC2" name="verifyATMFunctionality" time="92.502"/>
  <system-out/>
</testsuite> <!-- com.wl.testcase2.TS2_ATM_JeeM_TC2 -->
