<?xml version="1.0" encoding="UTF-8"?>
<!-- Generated by org.testng.reporters.JUnitReportReporter -->
<testsuite hostname="DESKTOP-7TEGOSG" failures="0" tests="1" name="com.wl.userList.AddUser_TC4" time="15.687" errors="0" timestamp="2023-06-22T10:54:29 IST" skipped="0">
  <testcase classname="com.wl.userList.AddUser_TC4" name="verifyBackButtonFunctionality" time="15.687"/>
  <system-out/>
</testsuite> <!-- com.wl.userList.AddUser_TC4 -->
