<?xml version="1.0" encoding="UTF-8"?>
<!-- Generated by org.testng.reporters.JUnitReportReporter -->
<testsuite hostname="DESKTOP-7TEGOSG" failures="0" tests="1" name="com.wl.testcase2.TS5_ATM_Description_4" time="72.653" errors="0" timestamp="2023-03-27T17:58:17 IST" skipped="0">
  <testcase classname="com.wl.testcase2.TS5_ATM_Description_4" name="verifyATMFunctionality" time="72.653"/>
  <system-out/>
</testsuite> <!-- com.wl.testcase2.TS5_ATM_Description_4 -->
