<?xml version="1.0" encoding="UTF-8"?>
<!-- Generated by org.testng.reporters.JUnitReportReporter -->
<testsuite hostname="DESKTOP-7TEGOSG" failures="0" tests="1" name="com.wl.testcase2.BulkUserCreation_TC4" time="54.481" errors="0" timestamp="2023-03-01T13:12:54 IST" skipped="0">
  <testcase classname="com.wl.testcase2.BulkUserCreation_TC4" name="verifyBackbtnFunction" time="54.481"/>
  <system-out/>
</testsuite> <!-- com.wl.testcase2.BulkUserCreation_TC4 -->
