<?xml version="1.0" encoding="UTF-8"?>
<!-- Generated by org.testng.reporters.JUnitReportReporter -->
<testsuite hostname="DESKTOP-7TEGOSG" failures="0" tests="1" name="com.wl.testcase2.TS5_ATM_Description_2" time="55.197" errors="0" timestamp="2023-03-27T17:34:12 IST" skipped="0">
  <testcase classname="com.wl.testcase2.TS5_ATM_Description_2" name="verifyATMFunctionality" time="55.197"/>
  <system-out/>
</testsuite> <!-- com.wl.testcase2.TS5_ATM_Description_2 -->
