<?xml version="1.0" encoding="UTF-8"?>
<!-- Generated by org.testng.reporters.JUnitReportReporter -->
<testsuite hostname="DESKTOP-7TEGOSG" failures="0" tests="1" name="com.wl.testcase2.BulkChangePassword_TC4" time="59.139" errors="0" timestamp="2023-03-03T13:51:57 IST" skipped="0">
  <testcase classname="com.wl.testcase2.BulkChangePassword_TC4" name="verifyBackBtnFunction" time="59.139"/>
  <system-out/>
</testsuite> <!-- com.wl.testcase2.BulkChangePassword_TC4 -->
