<?xml version="1.0" encoding="UTF-8"?>
<!-- Generated by org.testng.reporters.JUnitReportReporter -->
<testsuite hostname="DESKTOP-7TEGOSG" failures="0" tests="1" name="com.wl.tips.testcase.TS5_Tips_TC1" time="99.836" errors="0" timestamp="2023-04-10T20:24:29 IST" skipped="0">
  <testcase classname="com.wl.tips.testcase.TS5_Tips_TC1" name="verifyTipsFunction" time="99.836"/>
  <system-out/>
</testsuite> <!-- com.wl.tips.testcase.TS5_Tips_TC1 -->
