<?xml version="1.0" encoding="UTF-8"?>
<!-- Generated by org.testng.reporters.JUnitReportReporter -->
<testsuite hostname="DESKTOP-7TEGOSG" failures="0" tests="1" name="com.wl.tips.testcase.TS8_Tips_TC2" time="106.283" errors="0" timestamp="2023-04-24T17:35:10 IST" skipped="0">
  <testcase classname="com.wl.tips.testcase.TS8_Tips_TC2" name="verifyTipsFunction" time="106.283"/>
  <system-out/>
</testsuite> <!-- com.wl.tips.testcase.TS8_Tips_TC2 -->
