<?xml version="1.0" encoding="UTF-8"?>
<!-- Generated by org.testng.reporters.JUnitReportReporter -->
<testsuite hostname="DESKTOP-7TEGOSG" failures="0" tests="1" name="com.wl.userList.AddUser_TC5" time="21.992" errors="0" timestamp="2023-05-07T21:55:06 IST" skipped="0">
  <testcase classname="com.wl.userList.AddUser_TC5" name="verifyResetButtonFunctionality" time="21.992"/>
  <system-out/>
</testsuite> <!-- com.wl.userList.AddUser_TC5 -->
