<?xml version="1.0" encoding="UTF-8"?>
<!-- Generated by org.testng.reporters.JUnitReportReporter -->
<testsuite hostname="DESKTOP-7TEGOSG" failures="0" tests="1" name="com.wl.userList.ReportAccess_TC13" time="65.616" errors="0" timestamp="2023-03-30T16:54:06 IST" skipped="0">
  <testcase classname="com.wl.userList.ReportAccess_TC13" name="verifyBulkReportAccessFunction" time="65.616"/>
  <system-out/>
</testsuite> <!-- com.wl.userList.ReportAccess_TC13 -->
