<?xml version="1.0" encoding="UTF-8"?>
<!-- Generated by org.testng.reporters.JUnitReportReporter -->
<testsuite hostname="DESKTOP-7TEGOSG" failures="0" tests="1" name="com.wl.testcase2.BulkChangePassword_TC6" time="73.938" errors="0" timestamp="2023-03-03T16:01:32 IST" skipped="0">
  <testcase classname="com.wl.testcase2.BulkChangePassword_TC6" name="verifyNotUserIdValidation" time="73.938"/>
  <system-out/>
</testsuite> <!-- com.wl.testcase2.BulkChangePassword_TC6 -->
