<?xml version="1.0" encoding="UTF-8"?>
<!-- Generated by org.testng.reporters.JUnitReportReporter -->
<testsuite hostname="DESKTOP-7TEGOSG" failures="0" tests="1" name="com.wl.tipsQplistPage.TC_TipsQplist_6" time="77.060" errors="0" timestamp="2023-04-28T20:54:55 IST" skipped="0">
  <testcase classname="com.wl.tipsQplistPage.TC_TipsQplist_6" name="verifyTipsQplistFunctionality" time="77.060"/>
  <system-out/>
</testsuite> <!-- com.wl.tipsQplistPage.TC_TipsQplist_6 -->
