<?xml version="1.0" encoding="UTF-8"?>
<!-- Generated by org.testng.reporters.JUnitReportReporter -->
<testsuite hostname="DESKTOP-7TEGOSG" failures="0" tests="1" name="com.wl.testcase2.TS7_Tips_TC2" time="134.253" errors="0" timestamp="2023-04-12T12:23:53 IST" skipped="0">
  <testcase classname="com.wl.testcase2.TS7_Tips_TC2" name="verifyTipsFunction" time="134.253"/>
  <system-out/>
</testsuite> <!-- com.wl.testcase2.TS7_Tips_TC2 -->
