<?xml version="1.0" encoding="UTF-8"?>
<!-- Generated by org.testng.reporters.JUnitReportReporter -->
<testsuite hostname="DESKTOP-7TEGOSG" failures="0" tests="1" name="com.wl.tips.testcase.TS2_Tips_TC4" time="95.691" errors="0" timestamp="2023-04-03T13:53:47 IST" skipped="0">
  <testcase classname="com.wl.tips.testcase.TS2_Tips_TC4" name="verifyTipsFunction" time="95.691"/>
  <system-out/>
</testsuite> <!-- com.wl.tips.testcase.TS2_Tips_TC4 -->
