<?xml version="1.0" encoding="UTF-8"?>
<!-- Generated by org.testng.reporters.JUnitReportReporter -->
<testsuite hostname="DESKTOP-7TEGOSG" failures="0" tests="1" name="com.wl.tips.testcase.TS2_Tips_TC6" time="168.152" errors="0" timestamp="2023-04-05T13:15:49 IST" skipped="0">
  <testcase classname="com.wl.tips.testcase.TS2_Tips_TC6" name="verifyTipsFunction" time="168.152"/>
  <system-out/>
</testsuite> <!-- com.wl.tips.testcase.TS2_Tips_TC6 -->
