<?xml version="1.0" encoding="UTF-8"?>
<!-- Generated by org.testng.reporters.JUnitReportReporter -->
<testsuite hostname="DESKTOP-7TEGOSG" failures="0" tests="1" name="com.wl.testcase2.TS1_ATM_JeeM_TC1" time="84.828" errors="0" timestamp="2023-03-21T17:18:29 IST" skipped="0">
  <testcase classname="com.wl.testcase2.TS1_ATM_JeeM_TC1" name="verifyATMFunctionality" time="84.828"/>
  <system-out/>
</testsuite> <!-- com.wl.testcase2.TS1_ATM_JeeM_TC1 -->
