<?xml version="1.0" encoding="UTF-8"?>
<!-- Generated by org.testng.reporters.JUnitReportReporter -->
<testsuite hostname="DESKTOP-7TEGOSG" failures="0" tests="1" name="com.wl.testcase2.BulkUserCreation_TC5" time="72.105" errors="0" timestamp="2023-03-01T13:39:24 IST" skipped="0">
  <testcase classname="com.wl.testcase2.BulkUserCreation_TC5" name="verifyResetButtonFunction" time="72.105"/>
  <system-out/>
</testsuite> <!-- com.wl.testcase2.BulkUserCreation_TC5 -->
