<?xml version="1.0" encoding="UTF-8"?>
<!-- Generated by org.testng.reporters.JUnitReportReporter -->
<testsuite hostname="DESKTOP-7TEGOSG" failures="0" tests="1" name="com.wl.userList.BulkUserCreation_TC9" time="116.118" errors="0" timestamp="2023-03-30T16:37:26 IST" skipped="0">
  <testcase classname="com.wl.userList.BulkUserCreation_TC9" name="verifyBulkUserCreation" time="116.118"/>
  <system-out/>
</testsuite> <!-- com.wl.userList.BulkUserCreation_TC9 -->
