<?xml version="1.0" encoding="UTF-8"?>
<!-- Generated by org.testng.reporters.JUnitReportReporter -->
<testsuite hostname="DESKTOP-7TEGOSG" failures="0" tests="1" name="com.wl.testcase2.NewPasswordTest" time="105.714" errors="0" timestamp="2023-02-23T20:03:13 IST" skipped="0">
  <testcase classname="com.wl.testcase2.NewPasswordTest" name="verifyNewPassword" time="105.714"/>
  <system-out/>
</testsuite> <!-- com.wl.testcase2.NewPasswordTest -->
