<?xml version="1.0" encoding="UTF-8"?>
<!-- Generated by org.testng.reporters.JUnitReportReporter -->
<testsuite hostname="DESKTOP-7TEGOSG" failures="0" tests="1" name="com.wl.testcase2.BulkUserCreation_TC7" time="72.212" errors="0" timestamp="2023-03-02T12:36:37 IST" skipped="0">
  <testcase classname="com.wl.testcase2.BulkUserCreation_TC7" name="verifyNotstudentAndTeacher" time="72.212"/>
  <system-out/>
</testsuite> <!-- com.wl.testcase2.BulkUserCreation_TC7 -->
