<?xml version="1.0" encoding="UTF-8"?>
<!-- Generated by org.testng.reporters.JUnitReportReporter -->
<testsuite hostname="DESKTOP-7TEGOSG" failures="0" tests="1" name="com.wl.userList.AddUser_TC1" time="18.804" errors="0" timestamp="2023-06-22T10:47:04 IST" skipped="0">
  <testcase classname="com.wl.userList.AddUser_TC1" name="AddNewUserMethod" time="18.804"/>
  <system-out/>
</testsuite> <!-- com.wl.userList.AddUser_TC1 -->
