<?xml version="1.0" encoding="UTF-8"?>
<!-- Generated by org.testng.reporters.JUnitReportReporter -->
<testsuite hostname="DESKTOP-7TEGOSG" failures="0" tests="1" name="com.wl.testcase2.TS6_Tips_TC2" time="106.502" errors="0" timestamp="2023-04-11T19:25:20 IST" skipped="0">
  <testcase classname="com.wl.testcase2.TS6_Tips_TC2" name="verifyTipsFunction" time="106.502"/>
  <system-out/>
</testsuite> <!-- com.wl.testcase2.TS6_Tips_TC2 -->
