<?xml version="1.0" encoding="UTF-8"?>
<!-- Generated by org.testng.reporters.JUnitReportReporter -->
<testsuite hostname="DESKTOP-7TEGOSG" failures="0" tests="1" name="com.wl.testcase2.ReportAccess_TC2" time="122.635" errors="0" timestamp="2023-03-14T12:21:33 IST" skipped="0">
  <testcase classname="com.wl.testcase2.ReportAccess_TC2" name="verifyAddNewReportFunction" time="122.635"/>
  <system-out/>
</testsuite> <!-- com.wl.testcase2.ReportAccess_TC2 -->
