<?xml version="1.0" encoding="UTF-8"?>
<!-- Generated by org.testng.reporters.JUnitReportReporter -->
<testsuite hostname="DESKTOP-7TEGOSG" failures="0" tests="1" name="com.wl.userList.BulkUserCreation_TC6" time="43.930" errors="0" timestamp="2023-06-26T19:34:03 IST" skipped="0">
  <testcase classname="com.wl.userList.BulkUserCreation_TC6" name="verifyAlreadyExistUserMsg" time="43.930"/>
  <system-out/>
</testsuite> <!-- com.wl.userList.BulkUserCreation_TC6 -->
