<?xml version="1.0" encoding="UTF-8"?>
<!-- Generated by org.testng.reporters.JUnitReportReporter -->
<testsuite hostname="DESKTOP-7TEGOSG" failures="0" tests="1" name="com.wl.testcase2.AddNewTeacher" time="68.052" errors="0" timestamp="2023-02-17T11:23:31 IST" skipped="0">
  <testcase classname="com.wl.testcase2.AddNewTeacher" name="AddNewUserMethod" time="68.052"/>
  <system-out/>
</testsuite> <!-- com.wl.testcase2.AddNewTeacher -->
