<?xml version="1.0" encoding="UTF-8"?>
<!-- Generated by org.testng.reporters.JUnitReportReporter -->
<testsuite hostname="DESKTOP-7TEGOSG" failures="0" tests="1" name="com.wl.tips.testcase.TS9_Tips_TC2" time="116.395" errors="0" timestamp="2023-04-20T16:59:46 IST" skipped="0">
  <testcase classname="com.wl.tips.testcase.TS9_Tips_TC2" name="verifyTipsFunction" time="116.395"/>
  <system-out/>
</testsuite> <!-- com.wl.tips.testcase.TS9_Tips_TC2 -->
