<?xml version="1.0" encoding="UTF-8"?>
<!-- Generated by org.testng.reporters.JUnitReportReporter -->
<testsuite hostname="DESKTOP-7TEGOSG" failures="0" tests="1" name="com.wl.testcase2.TS3_Tips_TC2" time="105.383" errors="0" timestamp="2023-04-04T19:24:34 IST" skipped="0">
  <testcase classname="com.wl.testcase2.TS3_Tips_TC2" name="verifyTipsFunction" time="105.383"/>
  <system-out/>
</testsuite> <!-- com.wl.testcase2.TS3_Tips_TC2 -->
