<?xml version="1.0" encoding="UTF-8"?>
<!-- Generated by org.testng.reporters.JUnitReportReporter -->
<testsuite hostname="DESKTOP-7TEGOSG" failures="0" tests="1" name="com.wl.tipsQplistPage.TC_TipsQplist_5" time="30.721" errors="0" timestamp="2023-04-28T19:54:49 IST" skipped="0">
  <testcase classname="com.wl.tipsQplistPage.TC_TipsQplist_5" name="verifyTipsQplistFunctionality" time="30.721"/>
  <system-out/>
</testsuite> <!-- com.wl.tipsQplistPage.TC_TipsQplist_5 -->
