<?xml version="1.0" encoding="UTF-8"?>
<!-- Generated by org.testng.reporters.JUnitReportReporter -->
<testsuite hostname="DESKTOP-7TEGOSG" failures="0" tests="1" name="com.wl.testcase2.UserListHomePageTest" time="44.553" errors="0" timestamp="2023-03-06T16:44:00 IST" skipped="0">
  <testcase classname="com.wl.testcase2.UserListHomePageTest" name="testSearch" time="44.553"/>
  <system-out/>
</testsuite> <!-- com.wl.testcase2.UserListHomePageTest -->
