<?xml version="1.0" encoding="UTF-8"?>
<!-- Generated by org.testng.reporters.JUnitReportReporter -->
<testsuite hostname="DESKTOP-7TEGOSG" failures="0" tests="1" name="com.wl.testcase2.ReportAccess_TC10" time="72.415" errors="0" timestamp="2023-03-14T13:03:09 IST" skipped="0">
  <testcase classname="com.wl.testcase2.ReportAccess_TC10" name="verifyMessage" time="72.415"/>
  <system-out/>
</testsuite> <!-- com.wl.testcase2.ReportAccess_TC10 -->
