<?xml version="1.0" encoding="UTF-8"?>
<!-- Generated by org.testng.reporters.JUnitReportReporter -->
<testsuite hostname="DESKTOP-7TEGOSG" failures="0" tests="1" name="com.wl.testcase2.UserListHomePage_TC3" time="53.495" errors="0" timestamp="2023-03-07T10:46:05 IST" skipped="0">
  <testcase classname="com.wl.testcase2.UserListHomePage_TC3" name="verifyDownloadFile" time="53.495"/>
  <system-out/>
</testsuite> <!-- com.wl.testcase2.UserListHomePage_TC3 -->
