<?xml version="1.0" encoding="UTF-8"?>
<!-- Generated by org.testng.reporters.JUnitReportReporter -->
<testsuite hostname="DESKTOP-7TEGOSG" failures="0" tests="1" name="com.wl.ScheduleTestFlow.ScheduleTest_TC10" time="87.897" errors="0" timestamp="2023-06-07T12:55:50 IST" skipped="0">
  <testcase classname="com.wl.ScheduleTestFlow.ScheduleTest_TC10" name="verifySchedulePaperFunctionality" time="87.897"/>
  <system-out/>
</testsuite> <!-- com.wl.ScheduleTestFlow.ScheduleTest_TC10 -->
