<?xml version="1.0" encoding="UTF-8"?>
<!-- Generated by org.testng.reporters.JUnitReportReporter -->
<testsuite hostname="DESKTOP-7TEGOSG" failures="0" tests="1" name="com.wl.testcase2.BulkUserCreation_TC3" time="54.381" errors="0" timestamp="2023-03-01T13:05:27 IST" skipped="0">
  <testcase classname="com.wl.testcase2.BulkUserCreation_TC3" name="verifyFileDownloadFunctionality" time="54.381"/>
  <system-out/>
</testsuite> <!-- com.wl.testcase2.BulkUserCreation_TC3 -->
