<?xml version="1.0" encoding="UTF-8"?>
<!-- Generated by org.testng.reporters.JUnitReportReporter -->
<testsuite hostname="DESKTOP-7TEGOSG" failures="0" tests="1" name="com.wl.userList.BulkChangePassword_TC1" time="35.922" errors="0" timestamp="2023-06-26T17:13:57 IST" skipped="0">
  <testcase classname="com.wl.userList.BulkChangePassword_TC1" name="verifyUploadFileFunction" time="35.922"/>
  <system-out/>
</testsuite> <!-- com.wl.userList.BulkChangePassword_TC1 -->
