<?xml version="1.0" encoding="UTF-8"?>
<!-- Generated by org.testng.reporters.JUnitReportReporter -->
<testsuite hostname="DESKTOP-7TEGOSG" failures="0" tests="1" name="com.wl.testcase2.TS3_ATM_JeeM_TC3" time="59.806" errors="0" timestamp="2023-03-20T17:02:25 IST" skipped="0">
  <testcase classname="com.wl.testcase2.TS3_ATM_JeeM_TC3" name="verifyATMFunctionality" time="59.806"/>
  <system-out/>
</testsuite> <!-- com.wl.testcase2.TS3_ATM_JeeM_TC3 -->
