<?xml version="1.0" encoding="UTF-8"?>
<!-- Generated by org.testng.reporters.JUnitReportReporter -->
<testsuite hostname="DESKTOP-7TEGOSG" failures="0" tests="1" name="com.wl.userList.ReportAccess_TC1" time="17.887" errors="0" timestamp="2023-06-26T16:26:24 IST" skipped="0">
  <testcase classname="com.wl.userList.ReportAccess_TC1" name="verifyReportAccessUtility" time="17.887"/>
  <system-out/>
</testsuite> <!-- com.wl.userList.ReportAccess_TC1 -->
