<?xml version="1.0" encoding="UTF-8"?>
<!-- Generated by org.testng.reporters.JUnitReportReporter -->
<testsuite hostname="DESKTOP-7TEGOSG" failures="0" tests="1" name="com.wl.testcase2.UserListHomePage_TC1" time="42.865" errors="0" timestamp="2023-03-06T20:03:15 IST" skipped="0">
  <testcase classname="com.wl.testcase2.UserListHomePage_TC1" name="searchDataByFilter" time="42.865"/>
  <system-out/>
</testsuite> <!-- com.wl.testcase2.UserListHomePage_TC1 -->
