<?xml version="1.0" encoding="UTF-8"?>
<!-- Generated by org.testng.reporters.JUnitReportReporter -->
<testsuite hostname="DESKTOP-7TEGOSG" failures="0" tests="1" name="com.wl.tips.testcase.TS2_Tips_TC3" time="106.778" errors="0" timestamp="2023-04-10T16:44:56 IST" skipped="0">
  <testcase classname="com.wl.tips.testcase.TS2_Tips_TC3" name="verifyTipsFunction" time="106.778"/>
  <system-out/>
</testsuite> <!-- com.wl.tips.testcase.TS2_Tips_TC3 -->
