<?xml version="1.0" encoding="UTF-8"?>
<!-- Generated by org.testng.reporters.JUnitReportReporter -->
<testsuite hostname="DESKTOP-7TEGOSG" failures="0" tests="1" name="com.wl.testcase2.ReportAccess_TC7" time="40.979" errors="0" timestamp="2023-03-10T19:45:30 IST" skipped="0">
  <testcase classname="com.wl.testcase2.ReportAccess_TC7" name="verifyRecaptchaFunction" time="40.979"/>
  <system-out/>
</testsuite> <!-- com.wl.testcase2.ReportAccess_TC7 -->
