<?xml version="1.0" encoding="UTF-8"?>
<!-- Generated by org.testng.reporters.JUnitReportReporter -->
<testsuite hostname="DESKTOP-7TEGOSG" failures="0" tests="1" name="com.wl.ScheduleTestFlow.ScheduleTest_TC6" time="82.522" errors="0" timestamp="2023-06-06T13:35:39 IST" skipped="0">
  <testcase classname="com.wl.ScheduleTestFlow.ScheduleTest_TC6" name="verifySchedulePaperFunctionality" time="82.522"/>
  <system-out/>
</testsuite> <!-- com.wl.ScheduleTestFlow.ScheduleTest_TC6 -->
