<?xml version="1.0" encoding="UTF-8"?>
<!-- Generated by org.testng.reporters.JUnitReportReporter -->
<testsuite hostname="DESKTOP-7TEGOSG" failures="0" tests="1" name="com.wl.testcase2.TS6_ATM_Syllabus3" time="88.489" errors="0" timestamp="2023-03-28T20:15:53 IST" skipped="0">
  <testcase classname="com.wl.testcase2.TS6_ATM_Syllabus3" name="verifyATMFunctionality" time="88.489"/>
  <system-out/>
</testsuite> <!-- com.wl.testcase2.TS6_ATM_Syllabus3 -->
