<?xml version="1.0" encoding="UTF-8"?>
<!-- Generated by org.testng.reporters.JUnitReportReporter -->
<testsuite hostname="DESKTOP-7TEGOSG" failures="0" tests="1" name="com.wl.tips.testcase.TS9_Tips_TC1" time="164.775" errors="0" timestamp="2023-05-04T19:32:40 IST" skipped="0">
  <testcase classname="com.wl.tips.testcase.TS9_Tips_TC1" name="verifyTipsFunction" time="164.775"/>
  <system-out/>
</testsuite> <!-- com.wl.tips.testcase.TS9_Tips_TC1 -->
