<?xml version="1.0" encoding="UTF-8"?>
<!-- Generated by org.testng.reporters.JUnitReportReporter -->
<testsuite hostname="DESKTOP-7TEGOSG" failures="0" tests="1" name="com.wl.userList.BulkUserCreation_TC2" time="74.432" errors="0" timestamp="2023-03-01T12:57:02 IST" skipped="0">
  <testcase classname="com.wl.userList.BulkUserCreation_TC2" name="verifyReCaptcha" time="74.432"/>
  <system-out/>
</testsuite> <!-- com.wl.userList.BulkUserCreation_TC2 -->
