<?xml version="1.0" encoding="UTF-8"?>
<!-- Generated by org.testng.reporters.JUnitReportReporter -->
<testsuite hostname="DESKTOP-7TEGOSG" failures="0" tests="1" name="com.wl.testcase2.ATM_TC1" time="24.345" errors="0" timestamp="2023-03-16T12:11:41 IST" skipped="0">
  <testcase classname="com.wl.testcase2.ATM_TC1" name="verifyAtmClick" time="24.345"/>
  <system-out/>
</testsuite> <!-- com.wl.testcase2.ATM_TC1 -->
