<?xml version="1.0" encoding="UTF-8"?>
<!-- Generated by org.testng.reporters.JUnitReportReporter -->
<testsuite hostname="DESKTOP-7TEGOSG" failures="0" tests="1" name="com.wl.tips.testcase.TS7_Tips_TC3" time="106.541" errors="0" timestamp="2023-05-05T20:45:47 IST" skipped="0">
  <testcase classname="com.wl.tips.testcase.TS7_Tips_TC3" name="verifyTipsFunction" time="106.541"/>
  <system-out/>
</testsuite> <!-- com.wl.tips.testcase.TS7_Tips_TC3 -->
