<?xml version="1.0" encoding="UTF-8"?>
<!-- Generated by org.testng.reporters.JUnitReportReporter -->
<testsuite hostname="DESKTOP-7TEGOSG" failures="0" tests="1" name="com.wl.userList.UserListHomePage_TC5" time="19.524" errors="0" timestamp="2023-06-26T19:51:42 IST" skipped="0">
  <testcase classname="com.wl.userList.UserListHomePage_TC5" name="verifyEditUser" time="19.524"/>
  <system-out/>
</testsuite> <!-- com.wl.userList.UserListHomePage_TC5 -->
