<?xml version="1.0" encoding="UTF-8"?>
<!-- Generated by org.testng.reporters.JUnitReportReporter -->
<testsuite hostname="DESKTOP-7TEGOSG" failures="0" tests="1" name="com.wl.tips.testcase.TS7_Tips_TC2" time="68.013" errors="0" timestamp="2023-05-05T16:18:13 IST" skipped="0">
  <testcase classname="com.wl.tips.testcase.TS7_Tips_TC2" name="verifyTipsFunction" time="68.013"/>
  <system-out/>
</testsuite> <!-- com.wl.tips.testcase.TS7_Tips_TC2 -->
