<?xml version="1.0" encoding="UTF-8"?>
<!-- Generated by org.testng.reporters.JUnitReportReporter -->
<testsuite hostname="DESKTOP-7TEGOSG" failures="0" tests="1" name="com.cd.testcases.TC_001_TIPS" time="57.821" errors="0" timestamp="2023-04-05T19:18:29 IST" skipped="0">
  <testcase classname="com.cd.testcases.TC_001_TIPS" name="validateTipsPage" time="57.821"/>
  <system-out/>
</testsuite> <!-- com.cd.testcases.TC_001_TIPS -->
