<?xml version="1.0" encoding="UTF-8"?>
<!-- Generated by org.testng.reporters.JUnitReportReporter -->
<testsuite hostname="DESKTOP-7TEGOSG" failures="0" tests="1" name="com.cd.testcases.ScheduleTest" time="31.753" errors="0" timestamp="2023-05-18T16:26:51 IST" skipped="0">
  <testcase classname="com.cd.testcases.ScheduleTest" name="verifyQuestionSummary" time="31.753"/>
  <system-out/>
</testsuite> <!-- com.cd.testcases.ScheduleTest -->
