<?xml version="1.0" encoding="UTF-8"?>
<!-- Generated by org.testng.reporters.JUnitReportReporter -->
<testsuite hostname="DESKTOP-7TEGOSG" failures="0" tests="2" name="com.cd.testcases.UrlTest" time="87.435" errors="0" timestamp="2023-01-13T12:35:27 IST" skipped="0">
  <testcase classname="com.cd.testcases.UrlTest" name="verifyLogo" time="70.098"/>
  <system-out/>
  <testcase classname="com.cd.testcases.UrlTest" name="verifyTitle" time="17.337"/>
  <system-out/>
</testsuite> <!-- com.cd.testcases.UrlTest -->
