<?xml version="1.0" encoding="UTF-8"?>
<!-- Generated by org.testng.reporters.JUnitReportReporter -->
<testsuite hostname="DESKTOP-7TEGOSG" failures="0" tests="1" name="com.cd.testcases.LoginPageTest" time="26.766" errors="0" timestamp="2023-01-13T12:36:06 IST" skipped="0">
  <testcase classname="com.cd.testcases.LoginPageTest" name="loginTest" time="26.766"/>
  <system-out/>
</testsuite> <!-- com.cd.testcases.LoginPageTest -->
